0 info it worked if it ends with ok
1 verbose cli [ '/usr/bin/node', '/usr/bin/npm', 'run', 'start' ]
2 info using npm@3.3.3
3 info using node@v4.1.0
4 verbose run-script [ 'prestart', 'start', 'poststart' ]
5 info lifecycle nuffer-server@~prestart: nuffer-server@
6 silly lifecycle nuffer-server@~prestart: no script for prestart, continuing
7 info lifecycle nuffer-server@~start: nuffer-server@
8 verbose lifecycle nuffer-server@~start: unsafe-perm in lifecycle true
9 verbose lifecycle nuffer-server@~start: PATH: /usr/lib/node_modules/npm/bin/node-gyp-bin:/home/jacob/dev/nuffer/server/node_modules/.bin:/usr/local/sbin:/usr/local/bin:/usr/bin:/usr/lib/jvm/default/bin:/usr/bin/site_perl:/usr/bin/vendor_perl:/usr/bin/core_perl
10 verbose lifecycle nuffer-server@~start: CWD: /home/jacob/dev/nuffer/server
11 silly lifecycle nuffer-server@~start: Args: [ '-c', 'node ./server.js' ]
12 silly lifecycle nuffer-server@~start: Returned: code: 1  signal: null
13 info lifecycle nuffer-server@~start: Failed to exec start script
14 verbose stack Error: nuffer-server@ start: `node ./server.js`
14 verbose stack Exit status 1
14 verbose stack     at EventEmitter.<anonymous> (/usr/lib/node_modules/npm/lib/utils/lifecycle.js:233:16)
14 verbose stack     at emitTwo (events.js:87:13)
14 verbose stack     at EventEmitter.emit (events.js:172:7)
14 verbose stack     at ChildProcess.<anonymous> (/usr/lib/node_modules/npm/lib/utils/spawn.js:24:14)
14 verbose stack     at emitTwo (events.js:87:13)
14 verbose stack     at ChildProcess.emit (events.js:172:7)
14 verbose stack     at maybeClose (internal/child_process.js:817:16)
14 verbose stack     at Process.ChildProcess._handle.onexit (internal/child_process.js:211:5)
15 verbose pkgid nuffer-server@
16 verbose cwd /home/jacob/dev/nuffer/server
17 error Linux 4.1.6-1-zen
18 error argv "/usr/bin/node" "/usr/bin/npm" "run" "start"
19 error node v4.1.0
20 error npm  v3.3.3
21 error code ELIFECYCLE
22 error nuffer-server@ start: `node ./server.js`
22 error Exit status 1
23 error Failed at the nuffer-server@ start script 'node ./server.js'.
23 error This is most likely a problem with the nuffer-server package,
23 error not with npm itself.
23 error Tell the author that this fails on your system:
23 error     node ./server.js
23 error You can get their info via:
23 error     npm owner ls nuffer-server
23 error There is likely additional logging output above.
24 verbose exit [ 1, true ]
